<?xml version="1.0" encoding="UTF-8"?>
<!-- Generated by org.testng.reporters.JUnitReportReporter -->
<testsuite hostname="REM-LT-221024B" failures="0" tests="6" name="restAssuredSerialization.RestAssuredJsonAsDataProvider" time="0.019" errors="0" timestamp="2022-11-25T17:32:00 CST" skipped="0">
  <testcase classname="restAssuredSerialization.RestAssuredJsonAsDataProvider" name="test01" time="0.002"/>
  <system-out/>
  <testcase classname="restAssuredSerialization.RestAssuredJsonAsDataProvider" name="test01" time="0.001"/>
  <system-out/>
  <testcase classname="restAssuredSerialization.RestAssuredJsonAsDataProvider" name="test01" time="0.001"/>
  <system-out/>
  <testcase classname="restAssuredSerialization.RestAssuredJsonAsDataProvider" name="test01" time="0.012"/>
  <system-out/>
  <testcase classname="restAssuredSerialization.RestAssuredJsonAsDataProvider" name="test01" time="0.001"/>
  <system-out/>
  <testcase classname="restAssuredSerialization.RestAssuredJsonAsDataProvider" name="test01" time="0.002"/>
  <system-out/>
</testsuite> <!-- restAssuredSerialization.RestAssuredJsonAsDataProvider -->
