<?xml version="1.0" encoding="UTF-8"?>
<!-- Generated by org.testng.reporters.JUnitReportReporter -->
<testsuite hostname="REM-LT-221024B" failures="0" tests="1" name="restAssuredOAuth.OAuth2" time="5.732" errors="0" timestamp="2022-11-23T09:00:47 CST" skipped="0">
  <testcase classname="restAssuredOAuth.OAuth2" name="getAccess" time="5.732"/>
  <system-out/>
</testsuite> <!-- restAssuredOAuth.OAuth2 -->
