<?xml version="1.0" encoding="UTF-8"?>
<!-- Generated by org.testng.reporters.JUnitReportReporter -->
<testsuite hostname="REM-LT-221024B" failures="0" tests="1" name="restAssureExamples.RestAssuredJsonFile" time="8.165" errors="0" timestamp="2022-11-09T23:37:52 CST" skipped="0">
  <testcase classname="restAssureExamples.RestAssuredJsonFile" name="getJsonFile" time="8.165"/>
  <system-out/>
</testsuite> <!-- restAssureExamples.RestAssuredJsonFile -->
